6TLJR_consurf_summary.txt -> Unable to find the grades page on ConSurfDB site
4Q1ST_consurf_summary.txt -> Unable to find the grades page on ConSurfDB site
3DW8C_consurf_summary.txt -> Unable to find the grades page on ConSurfDB site
7EG9e_consurf_summary.txt -> Unable to find the grades page on ConSurfDB site
1SVTN_consurf_summary.txt -> Unable to find the grades page on ConSurfDB site
4R17U_consurf_summary.txt -> Unable to find the grades page on ConSurfDB site
2P9IG_consurf_summary.txt -> Unable to find the grades page on ConSurfDB site
6DLUP_consurf_summary.txt -> Unable to find the grades page on ConSurfDB site
7AE1K_consurf_summary.txt -> Unable to find the grades page on ConSurfDB site
4LTCX_consurf_summary.txt -> Unable to find the grades page on ConSurfDB site
1KYYC_consurf_summary.txt -> Unable to find the grades page on ConSurfDB site
3MKQE_consurf_summary.txt -> Unable to find the grades page on ConSurfDB site
4M75D_consurf_summary.txt -> Unable to find the grades page on ConSurfDB site
3CX5P_consurf_summary.txt -> Unable to find the grades page on ConSurfDB site
5F99G_consurf_summary.txt -> Unable to find the grades page on ConSurfDB site
2JKRS_consurf_summary.txt -> Unable to find the grades page on ConSurfDB site
6D6RC_consurf_summary.txt -> Unable to find the grades page on ConSurfDB site
7NKXK_consurf_summary.txt -> Unable to find the grades page on ConSurfDB site
6FF4P_consurf_summary.txt -> Unable to find the grades page on ConSurfDB site
4GUNC_consurf_summary.txt -> Unable to find the grades page on ConSurfDB site
3OW2M_consurf_summary.txt -> Unable to find the grades page on ConSurfDB site
7DPWD_consurf_summary.txt -> Unable to find the grades page on ConSurfDB site
4GUND_consurf_summary.txt -> Unable to find the grades page on ConSurfDB site
6RQLE_consurf_summary.txt -> Unable to find the grades page on ConSurfDB site
6RQLK_consurf_summary.txt -> Unable to find the grades page on ConSurfDB site
3SWNC_consurf_summary.txt -> Unable to find the grades page on ConSurfDB site
6FF4O_consurf_summary.txt -> Unable to find the grades page on ConSurfDB site
4LTCY_consurf_summary.txt -> Unable to find the grades page on ConSurfDB site
6TBLC_consurf_summary.txt -> Unable to find the grades page on ConSurfDB site
5A5TE_consurf_summary.txt -> Unable to find the grades page on ConSurfDB site
6O9M2_consurf_summary.txt -> Unable to find the grades page on ConSurfDB site
3H0GG_consurf_summary.txt -> Unable to find the grades page on ConSurfDB site
3ZIAQ_consurf_summary.txt -> Unable to find the grades page on ConSurfDB site
2CE7C_consurf_summary.txt -> Unable to find the grades page on ConSurfDB site
3MKQC_consurf_summary.txt -> Unable to find the grades page on ConSurfDB site
6RUIC_consurf_summary.txt -> Unable to find the grades page on ConSurfDB site
4BY9I_consurf_summary.txt -> Unable to find the grades page on ConSurfDB site
5VFRD_consurf_summary.txt -> Unable to find the grades page on ConSurfDB site
7D58J_consurf_summary.txt -> Unable to find the grades page on ConSurfDB site
7C4JL_consurf_summary.txt -> Unable to find the grades page on ConSurfDB site
1QBKC_consurf_summary.txt -> Unable to find the grades page on ConSurfDB site
3DBHC_consurf_summary.txt -> Unable to find the grades page on ConSurfDB site
5VFRc_consurf_summary.txt -> Unable to find the grades page on ConSurfDB site
6ASOE_consurf_summary.txt -> Unable to find the grades page on ConSurfDB site
7B5QJ_consurf_summary.txt -> Unable to find the grades page on ConSurfDB site
6WQXC_consurf_summary.txt -> Unable to find the grades page on ConSurfDB site
5GAPJ_consurf_summary.txt -> Unable to find the grades page on ConSurfDB site
4Q1SU_consurf_summary.txt -> Unable to find the grades page on ConSurfDB site
2P9IF_consurf_summary.txt -> Unable to find the grades page on ConSurfDB site
5L4KZ_consurf_summary.txt -> Unable to find the grades page on ConSurfDB site
2VDUF_consurf_summary.txt -> Unable to find the grades page on ConSurfDB site
6KS6E_consurf_summary.txt -> Unable to find the grades page on ConSurfDB site
6RUIK_consurf_summary.txt -> Unable to find the grades page on ConSurfDB site
7EGFP_consurf_summary.txt -> Unable to find the grades page on ConSurfDB site
6RD4P_consurf_summary.txt -> Unable to find the grades page on ConSurfDB site
5MJSH_consurf_summary.txt -> Unable to find the grades page on ConSurfDB site
6RDPV_consurf_summary.txt -> Unable to find the grades page on ConSurfDB site
2JKRM_consurf_summary.txt -> Unable to find the grades page on ConSurfDB site
6RQLO_consurf_summary.txt -> Unable to find the grades page on ConSurfDB site
6RUIG_consurf_summary.txt -> Unable to find the grades page on ConSurfDB site
6TTUC_consurf_summary.txt -> Unable to find the grades page on ConSurfDB site
7DPWC_consurf_summary.txt -> Unable to find the grades page on ConSurfDB site
6TBLE_consurf_summary.txt -> Unable to find the grades page on ConSurfDB site
6FF4C_consurf_summary.txt -> Unable to find the grades page on ConSurfDB site
3BLXH_consurf_summary.txt -> Unable to find the grades page on ConSurfDB site
1KYYE_consurf_summary.txt -> Unable to find the grades page on ConSurfDB site
6O22E_consurf_summary.txt -> Unable to find the grades page on ConSurfDB site
3S14L_consurf_summary.txt -> Unable to find the grades page on ConSurfDB site
5T0GW_consurf_summary.txt -> Unable to find the grades page on ConSurfDB site
5JLHE_consurf_summary.txt -> Unable to find the grades page on ConSurfDB site
4CW7H_consurf_summary.txt -> Unable to find the grades page on ConSurfDB site
4M78C_consurf_summary.txt -> Unable to find the grades page on ConSurfDB site
6ASOG_consurf_summary.txt -> Unable to find the grades page on ConSurfDB site
2GVNE_consurf_summary.txt -> Unable to find the grades page on ConSurfDB site
6W6VG_consurf_summary.txt -> Unable to find the grades page on ConSurfDB site
3C1MD_consurf_summary.txt -> Unable to find the grades page on ConSurfDB site
4R17O_consurf_summary.txt -> Unable to find the grades page on ConSurfDB site
4A8JF_consurf_summary.txt -> Unable to find the grades page on ConSurfDB site
4LTCO_consurf_summary.txt -> Unable to find the grades page on ConSurfDB site
6RWEN_consurf_summary.txt -> Unable to find the grades page on ConSurfDB site
5LSWC_consurf_summary.txt -> Unable to find the grades page on ConSurfDB site
6FF4E_consurf_summary.txt -> Unable to find the grades page on ConSurfDB site
6TLJK_consurf_summary.txt -> Unable to find the grades page on ConSurfDB site
6W6VJ_consurf_summary.txt -> Unable to find the grades page on ConSurfDB site
4BYFD_consurf_summary.txt -> Unable to find the grades page on ConSurfDB site
7R8VE_consurf_summary.txt -> Unable to find the grades page on ConSurfDB site
6UPWE_consurf_summary.txt -> Unable to find the grades page on ConSurfDB site
5Z30E_consurf_summary.txt -> Unable to find the grades page on ConSurfDB site
6FF4D_consurf_summary.txt -> Unable to find the grades page on ConSurfDB site
7NVRC_consurf_summary.txt -> Unable to find the grades page on ConSurfDB site
6FF4v_consurf_summary.txt -> Unable to find the grades page on ConSurfDB site
7NVRk_consurf_summary.txt -> Unable to find the grades page on ConSurfDB site
4LACC_consurf_summary.txt -> Unable to find the grades page on ConSurfDB site
6CZFD_consurf_summary.txt -> Unable to find the grades page on ConSurfDB site
3I3OD_consurf_summary.txt -> Unable to find the grades page on ConSurfDB site
5F99C_consurf_summary.txt -> Unable to find the grades page on ConSurfDB site
7B5LC_consurf_summary.txt -> Unable to find the grades page on ConSurfDB site
6T0Bq_consurf_summary.txt -> Unable to find the grades page on ConSurfDB site
7LN0D_consurf_summary.txt -> Unable to find the grades page on ConSurfDB site
6T0Bx_consurf_summary.txt -> Unable to find the grades page on ConSurfDB site
6UPWD_consurf_summary.txt -> Unable to find the grades page on ConSurfDB site
6KS6h_consurf_summary.txt -> Unable to find the grades page on ConSurfDB site
5JGFD_consurf_summary.txt -> Unable to find the grades page on ConSurfDB site
6XD3I_consurf_summary.txt -> Unable to find the grades page on ConSurfDB site
6HWEU_consurf_summary.txt -> Unable to find the grades page on ConSurfDB site
7QJ0Z_consurf_summary.txt -> Unable to find the grades page on ConSurfDB site
6HWES_consurf_summary.txt -> Unable to find the grades page on ConSurfDB site
6O22F_consurf_summary.txt -> Unable to find the grades page on ConSurfDB site
2J3WC_consurf_summary.txt -> Unable to find the grades page on ConSurfDB site
5G06D_consurf_summary.txt -> Unable to find the grades page on ConSurfDB site
6RUIJ_consurf_summary.txt -> Unable to find the grades page on ConSurfDB site
6W6VE_consurf_summary.txt -> Unable to find the grades page on ConSurfDB site
6RDPP_consurf_summary.txt -> Unable to find the grades page on ConSurfDB site
5NBLD_consurf_summary.txt -> Unable to find the grades page on ConSurfDB site
4C2MN_consurf_summary.txt -> Unable to find the grades page on ConSurfDB site
1N8PC_consurf_summary.txt -> Unable to find the grades page on ConSurfDB site
3MHSC_consurf_summary.txt -> Unable to find the grades page on ConSurfDB site
7B5QI_consurf_summary.txt -> Unable to find the grades page on ConSurfDB site
6ZVIz_consurf_summary.txt -> Unable to find the grades page on ConSurfDB site
7NKXZ_consurf_summary.txt -> Unable to find the grades page on ConSurfDB site
6RD4Z_consurf_summary.txt -> Unable to find the grades page on ConSurfDB site
3JB9V_consurf_summary.txt -> Unable to find the grades page on ConSurfDB site
7A1GO_consurf_summary.txt -> Unable to find the grades page on ConSurfDB site
7NKXG_consurf_summary.txt -> Unable to find the grades page on ConSurfDB site
3F3FH_consurf_summary.txt -> Unable to find the grades page on ConSurfDB site
4CW7G_consurf_summary.txt -> Unable to find the grades page on ConSurfDB site
4Q1SS_consurf_summary.txt -> Unable to find the grades page on ConSurfDB site
4NDND_consurf_summary.txt -> Unable to find the grades page on ConSurfDB site
4LTCR_consurf_summary.txt -> Unable to find the grades page on ConSurfDB site
4LTCJ_consurf_summary.txt -> Unable to find the grades page on ConSurfDB site
3DVAD_consurf_summary.txt -> Unable to find the grades page on ConSurfDB site
7C79J_consurf_summary.txt -> Unable to find the grades page on ConSurfDB site
5A5TF_consurf_summary.txt -> Unable to find the grades page on ConSurfDB site
5G06G_consurf_summary.txt -> Unable to find the grades page on ConSurfDB site
4R17V_consurf_summary.txt -> Unable to find the grades page on ConSurfDB site
6T0BL_consurf_summary.txt -> Unable to find the grades page on ConSurfDB site
5IYDT_consurf_summary.txt -> Unable to find the grades page on ConSurfDB site
3JB9n_consurf_summary.txt -> Unable to find the grades page on ConSurfDB site
4R17S_consurf_summary.txt -> Unable to find the grades page on ConSurfDB site
7C4JK_consurf_summary.txt -> Unable to find the grades page on ConSurfDB site
2NPPD_consurf_summary.txt -> Unable to find the grades page on ConSurfDB site
1UKVG_consurf_summary.txt -> Unable to find the grades page on ConSurfDB site
7O4JK_consurf_summary.txt -> Unable to find the grades page on ConSurfDB site
4LTCW_consurf_summary.txt -> Unable to find the grades page on ConSurfDB site
3BLXE_consurf_summary.txt -> Unable to find the grades page on ConSurfDB site
7LN0E_consurf_summary.txt -> Unable to find the grades page on ConSurfDB site
7NKXC_consurf_summary.txt -> Unable to find the grades page on ConSurfDB site
6RUIL_consurf_summary.txt -> Unable to find the grades page on ConSurfDB site
7R7SF_consurf_summary.txt -> Unable to find the grades page on ConSurfDB site
7EG9G_consurf_summary.txt -> Unable to find the grades page on ConSurfDB site
1KQNF_consurf_summary.txt -> Unable to find the grades page on ConSurfDB site
4R17Z_consurf_summary.txt -> Unable to find the grades page on ConSurfDB site
7K0MF_consurf_summary.txt -> Unable to find the grades page on ConSurfDB site
7EGFe_consurf_summary.txt -> Unable to find the grades page on ConSurfDB site
2P9IC_consurf_summary.txt -> Unable to find the grades page on ConSurfDB site
6QH5N_consurf_summary.txt -> Unable to find the grades page on ConSurfDB site
5MP9H_consurf_summary.txt -> Unable to find the grades page on ConSurfDB site
7B5LS_consurf_summary.txt -> Unable to find the grades page on ConSurfDB site
5BK4F_consurf_summary.txt -> Unable to find the grades page on ConSurfDB site
5L0YD_consurf_summary.txt -> Unable to find the grades page on ConSurfDB site
5GANJ_consurf_summary.txt -> Unable to find the grades page on ConSurfDB site
7K0ME_consurf_summary.txt -> Unable to find the grades page on ConSurfDB site
3SWNF_consurf_summary.txt -> Unable to find the grades page on ConSurfDB site
2OOXE_consurf_summary.txt -> Unable to find the grades page on ConSurfDB site
7QJ0H_consurf_summary.txt -> Unable to find the grades page on ConSurfDB site
1KQNE_consurf_summary.txt -> Unable to find the grades page on ConSurfDB site
6PPVE_consurf_summary.txt -> Unable to find the grades page on ConSurfDB site
4A8JE_consurf_summary.txt -> Unable to find the grades page on ConSurfDB site
6VZ4M_consurf_summary.txt -> Unable to find the grades page on ConSurfDB site
3CPHG_consurf_summary.txt -> Unable to find the grades page on ConSurfDB site
6C9HC_consurf_summary.txt -> Unable to find the grades page on ConSurfDB site
4EO4C_consurf_summary.txt -> Unable to find the grades page on ConSurfDB site
6PPVD_consurf_summary.txt -> Unable to find the grades page on ConSurfDB site
5IYDC_consurf_summary.txt -> Unable to find the grades page on ConSurfDB site
5VHFf_consurf_summary.txt -> Unable to find the grades page on ConSurfDB site
6KS6D_consurf_summary.txt -> Unable to find the grades page on ConSurfDB site
7NVRF_consurf_summary.txt -> Unable to find the grades page on ConSurfDB site
6O9M1_consurf_summary.txt -> Unable to find the grades page on ConSurfDB site
4R17Q_consurf_summary.txt -> Unable to find the grades page on ConSurfDB site
3CX5O_consurf_summary.txt -> Unable to find the grades page on ConSurfDB site
6KS6Q_consurf_summary.txt -> Unable to find the grades page on ConSurfDB site
3JZ4C_consurf_summary.txt -> Unable to find the grades page on ConSurfDB site
5YOXG_consurf_summary.txt -> Unable to find the grades page on ConSurfDB site
7B5RL_consurf_summary.txt -> Unable to find the grades page on ConSurfDB site
3MGRH_consurf_summary.txt -> Unable to find the grades page on ConSurfDB site
5BK47_consurf_summary.txt -> Unable to find the grades page on ConSurfDB site
7S7BE_consurf_summary.txt -> Unable to find the grades page on ConSurfDB site
5GAPF_consurf_summary.txt -> Unable to find the grades page on ConSurfDB site
5MJSC_consurf_summary.txt -> Unable to find the grades page on ConSurfDB site
7O4JE_consurf_summary.txt -> Unable to find the grades page on ConSurfDB site
6D6RK_consurf_summary.txt -> Unable to find the grades page on ConSurfDB site
6KS6Z_consurf_summary.txt -> Unable to find the grades page on ConSurfDB site
6M0RL_consurf_summary.txt -> Unable to find the grades page on ConSurfDB site
1SVTM_consurf_summary.txt -> Unable to find the grades page on ConSurfDB site
6L9ZP_consurf_summary.txt -> Unable to find the grades page on ConSurfDB site
5VDFB_consurf_summary.txt -> Unable to find the grades page on ConSurfDB site
6RQLB_consurf_summary.txt -> Unable to find the grades page on ConSurfDB site
7Q2YB_consurf_summary.txt -> Unable to find the grades page on ConSurfDB site
3RRMB_consurf_summary.txt -> Unable to find the grades page on ConSurfDB site
2P9IB_consurf_summary.txt -> Unable to find the grades page on ConSurfDB site
4NDNB_consurf_summary.txt -> Unable to find the grades page on ConSurfDB site
1F6MB_consurf_summary.txt -> Unable to find the grades page on ConSurfDB site
6UHXB_consurf_summary.txt -> Unable to find the grades page on ConSurfDB site
6DO2B_consurf_summary.txt -> Unable to find the grades page on ConSurfDB site
4JD2B_consurf_summary.txt -> Unable to find the grades page on ConSurfDB site
4KVAB_consurf_summary.txt -> Unable to find the grades page on ConSurfDB site
4Z87B_consurf_summary.txt -> Unable to find the grades page on ConSurfDB site
1ULTB_consurf_summary.txt -> Unable to find the grades page on ConSurfDB site
4Y1LB_consurf_summary.txt -> Unable to find the grades page on ConSurfDB site
5B6MB_consurf_summary.txt -> Unable to find the grades page on ConSurfDB site
2NUUB_consurf_summary.txt -> Unable to find the grades page on ConSurfDB site
2HZSB_consurf_summary.txt -> Unable to find the grades page on ConSurfDB site
2BKUB_consurf_summary.txt -> Unable to find the grades page on ConSurfDB site
7NKXB_consurf_summary.txt -> Unable to find the grades page on ConSurfDB site
3IVTB_consurf_summary.txt -> Unable to find the grades page on ConSurfDB site
6E49B_consurf_summary.txt -> Unable to find the grades page on ConSurfDB site
2Q9QB_consurf_summary.txt -> Unable to find the grades page on ConSurfDB site
5BXQB_consurf_summary.txt -> Unable to find the grades page on ConSurfDB site
6RCHB_consurf_summary.txt -> Unable to find the grades page on ConSurfDB site
3H84B_consurf_summary.txt -> Unable to find the grades page on ConSurfDB site
6RUIB_consurf_summary.txt -> Unable to find the grades page on ConSurfDB site
6CQKB_consurf_summary.txt -> Unable to find the grades page on ConSurfDB site
6XLHB_consurf_summary.txt -> Unable to find the grades page on ConSurfDB site
4W6ZB_consurf_summary.txt -> Unable to find the grades page on ConSurfDB site
5ERGB_consurf_summary.txt -> Unable to find the grades page on ConSurfDB site
1THZB_consurf_summary.txt -> Unable to find the grades page on ConSurfDB site
6KS6B_consurf_summary.txt -> Unable to find the grades page on ConSurfDB site
4OR5B_consurf_summary.txt -> Unable to find the grades page on ConSurfDB site
3WYFB_consurf_summary.txt -> Unable to find the grades page on ConSurfDB site
6B04B_consurf_summary.txt -> Unable to find the grades page on ConSurfDB site
2VK8B_consurf_summary.txt -> Unable to find the grades page on ConSurfDB site
7O4JB_consurf_summary.txt -> Unable to find the grades page on ConSurfDB site
6FF4B_consurf_summary.txt -> Unable to find the grades page on ConSurfDB site
6YGBB_consurf_summary.txt -> Unable to find the grades page on ConSurfDB site
1G6YB_consurf_summary.txt -> Unable to find the grades page on ConSurfDB site
7CNVB_consurf_summary.txt -> Unable to find the grades page on ConSurfDB site
3O4WB_consurf_summary.txt -> Unable to find the grades page on ConSurfDB site
3FEYB_consurf_summary.txt -> Unable to find the grades page on ConSurfDB site
4I6MB_consurf_summary.txt -> Unable to find the grades page on ConSurfDB site
7AHNB_consurf_summary.txt -> Unable to find the grades page on ConSurfDB site
4WNNB_consurf_summary.txt -> Unable to find the grades page on ConSurfDB site
4N0IB_consurf_summary.txt -> Unable to find the grades page on ConSurfDB site
6WNXB_consurf_summary.txt -> Unable to find the grades page on ConSurfDB site
5VZ0B_consurf_summary.txt -> Unable to find the grades page on ConSurfDB site
2DH4B_consurf_summary.txt -> Unable to find the grades page on ConSurfDB site
6TRQB_consurf_summary.txt -> Unable to find the grades page on ConSurfDB site
5GANB_consurf_summary.txt -> Unable to find the grades page on ConSurfDB site
7D58B_consurf_summary.txt -> Unable to find the grades page on ConSurfDB site
2VSXB_consurf_summary.txt -> Unable to find the grades page on ConSurfDB site
3SD0B_consurf_summary.txt -> Unable to find the grades page on ConSurfDB site
2FA2B_consurf_summary.txt -> Unable to find the grades page on ConSurfDB site
4FFBB_consurf_summary.txt -> Unable to find the grades page on ConSurfDB site
1N2DB_consurf_summary.txt -> Unable to find the grades page on ConSurfDB site
6UOZB_consurf_summary.txt -> Unable to find the grades page on ConSurfDB site
2CE7B_consurf_summary.txt -> Unable to find the grades page on ConSurfDB site
7NS5B_consurf_summary.txt -> Unable to find the grades page on ConSurfDB site
6G86B_consurf_summary.txt -> Unable to find the grades page on ConSurfDB site
2O06B_consurf_summary.txt -> Unable to find the grades page on ConSurfDB site
3S14B_consurf_summary.txt -> Unable to find the grades page on ConSurfDB site
5G06B_consurf_summary.txt -> Unable to find the grades page on ConSurfDB site
5DOUB_consurf_summary.txt -> Unable to find the grades page on ConSurfDB site
8A8MB_consurf_summary.txt -> Unable to find the grades page on ConSurfDB site
4C3IB_consurf_summary.txt -> Unable to find the grades page on ConSurfDB site
3GCUB_consurf_summary.txt -> Unable to find the grades page on ConSurfDB site
6W6VB_consurf_summary.txt -> Unable to find the grades page on ConSurfDB site
